[12/May/2026 23:01:52] "GET /api/annotations/ HTTP/1.1" 200 25269
[12/May/2026 23:01:52] "GET /api/annotations/ HTTP/1.1" 200 25269
[12/May/2026 23:02:02] "GET /api/models/ HTTP/1.1" 200 7022
[12/May/2026 23:02:02] "GET /api/models/ HTTP/1.1" 200 7022
[12/May/2026 23:02:02] "GET /api/predictions/?task=damage&image_id=1 HTTP/1.1" 200 15862
[12/May/2026 23:02:02] "GET /api/predictions/?task=car_parts&image_id=1 HTTP/1.1" 200 38651
[12/May/2026 23:02:02] "GET /api/predictions/?task=car_parts&image_id=2 HTTP/1.1" 200 35319
[12/May/2026 23:02:02] "GET /api/predictions/?task=damage&image_id=2 HTTP/1.1" 200 15933
[12/May/2026 23:02:02] "GET /api/predictions/?task=car_parts&image_id=3 HTTP/1.1" 200 29381
[12/May/2026 23:02:02] "GET /api/predictions/?task=damage&image_id=3 HTTP/1.1" 200 13365
[12/May/2026 23:02:02] "GET /api/predictions/?task=car_parts&image_id=4 HTTP/1.1" 200 50377
[12/May/2026 23:02:02] "GET /api/predictions/?task=damage&image_id=4 HTTP/1.1" 200 16674
[12/May/2026 23:02:02] "GET /api/predictions/?task=damage&image_id=5 HTTP/1.1" 200 12842
[12/May/2026 23:02:02] "GET /api/predictions/?task=car_parts&image_id=5 HTTP/1.1" 200 21990
[12/May/2026 23:02:02] "GET /api/predictions/?task=damage&image_id=1 HTTP/1.1" 200 15862
[12/May/2026 23:02:02] "GET /api/predictions/?task=car_parts&image_id=1 HTTP/1.1" 200 38651
[12/May/2026 23:02:02] "GET /api/predictions/?task=car_parts&image_id=2 HTTP/1.1" 200 35319
[12/May/2026 23:02:02] "GET /api/predictions/?task=damage&image_id=2 HTTP/1.1" 200 15933
[12/May/2026 23:02:02] "GET /api/predictions/?task=car_parts&image_id=3 HTTP/1.1" 200 29381
[12/May/2026 23:02:02] "GET /api/predictions/?task=damage&image_id=3 HTTP/1.1" 200 13365
[12/May/2026 23:02:02] "GET /api/predictions/?task=car_parts&image_id=4 HTTP/1.1" 200 50377
[12/May/2026 23:02:02] "GET /api/predictions/?task=damage&image_id=4 HTTP/1.1" 200 16674
[12/May/2026 23:02:02] "GET /api/predictions/?task=car_parts&image_id=5 HTTP/1.1" 200 21990
[12/May/2026 23:02:02] "GET /api/predictions/?task=damage&image_id=5 HTTP/1.1" 200 12842
[12/May/2026 23:02:05] "GET /api/models/ HTTP/1.1" 200 7022
[12/May/2026 23:02:05] "GET /api/annotations/ HTTP/1.1" 200 25269
[12/May/2026 23:02:05] "GET /api/models/ HTTP/1.1" 200 7022
[12/May/2026 23:02:05] "GET /api/annotations/ HTTP/1.1" 200 25269
[12/May/2026 23:02:05] "GET /api/predictions/?task=car_parts&image_id=1 HTTP/1.1" 200 38651
[12/May/2026 23:02:05] "GET /api/predictions/?task=damage&image_id=1 HTTP/1.1" 200 15862
[12/May/2026 23:02:05] "GET /api/predictions/?task=damage&image_id=2 HTTP/1.1" 200 15933
[12/May/2026 23:02:05] "GET /api/predictions/?task=car_parts&image_id=4 HTTP/1.1" 200 50377
[12/May/2026 23:02:05] "GET /api/predictions/?task=car_parts&image_id=2 HTTP/1.1" 200 35319
[12/May/2026 23:02:05] "GET /api/predictions/?task=damage&image_id=3 HTTP/1.1" 200 13365
[12/May/2026 23:02:05] "GET /api/predictions/?task=car_parts&image_id=5 HTTP/1.1" 200 21990
[12/May/2026 23:02:05] "GET /api/predictions/?task=car_parts&image_id=3 HTTP/1.1" 200 29381
[12/May/2026 23:02:05] "GET /api/predictions/?task=damage&image_id=4 HTTP/1.1" 200 16674
[12/May/2026 23:02:05] "GET /api/predictions/?task=damage&image_id=5 HTTP/1.1" 200 12842
[12/May/2026 23:02:05] "GET /api/predictions/?task=car_parts&image_id=1 HTTP/1.1" 200 38651
[12/May/2026 23:02:05] "GET /api/predictions/?task=damage&image_id=1 HTTP/1.1" 200 15862
[12/May/2026 23:02:05] "GET /api/predictions/?task=damage&image_id=2 HTTP/1.1" 200 15933
[12/May/2026 23:02:05] "GET /api/predictions/?task=car_parts&image_id=4 HTTP/1.1" 200 50377
[12/May/2026 23:02:05] "GET /api/predictions/?task=car_parts&image_id=2 HTTP/1.1" 200 35319
[12/May/2026 23:02:05] "GET /api/predictions/?task=damage&image_id=3 HTTP/1.1" 200 13365
[12/May/2026 23:02:05] "GET /api/predictions/?task=car_parts&image_id=3 HTTP/1.1" 200 29381
[12/May/2026 23:02:05] "GET /api/predictions/?task=damage&image_id=4 HTTP/1.1" 200 16674
[12/May/2026 23:02:05] "GET /api/predictions/?task=car_parts&image_id=5 HTTP/1.1" 200 21990
[12/May/2026 23:02:05] "GET /api/predictions/?task=damage&image_id=5 HTTP/1.1" 200 12842
[12/May/2026 23:02:37] "POST /api/uploads/ HTTP/1.1" 200 218
[12/May/2026 23:02:37] "GET /media/uploads/cb68dc65d5dc4865901dead0d02a96f5.png HTTP/1.1" 200 14314783
[12/May/2026 23:02:39] "OPTIONS /api/uploaded-predictions/ HTTP/1.1" 204 0
[12/May/2026 23:02:50] "POST /api/uploaded-predictions/ HTTP/1.1" 200 629291
[12/May/2026 23:02:50] "OPTIONS /api/uploaded-predictions/ HTTP/1.1" 204 0
[12/May/2026 23:02:53] "POST /api/uploaded-predictions/ HTTP/1.1" 200 264869
[12/May/2026 23:03:07] "GET /api/annotations/ HTTP/1.1" 200 25269
[12/May/2026 23:03:07] "GET /api/models/ HTTP/1.1" 200 7022
[12/May/2026 23:03:07] "GET /api/annotations/ HTTP/1.1" 200 25269
[12/May/2026 23:03:07] "GET /api/models/ HTTP/1.1" 200 7022
[12/May/2026 23:03:07] "GET /api/predictions/?task=car_parts&image_id=1 HTTP/1.1" 200 38651
[12/May/2026 23:03:07] "GET /api/predictions/?task=damage&image_id=1 HTTP/1.1" 200 15862
[12/May/2026 23:03:07] "GET /api/predictions/?task=car_parts&image_id=2 HTTP/1.1" 200 35319
[12/May/2026 23:03:07] "GET /api/predictions/?task=damage&image_id=2 HTTP/1.1" 200 15933
[12/May/2026 23:03:07] "GET /api/predictions/?task=car_parts&image_id=3 HTTP/1.1" 200 29381
[12/May/2026 23:03:07] "GET /api/predictions/?task=damage&image_id=3 HTTP/1.1" 200 13365
[12/May/2026 23:03:07] "GET /api/predictions/?task=car_parts&image_id=4 HTTP/1.1" 200 50377
[12/May/2026 23:03:07] "GET /api/predictions/?task=car_parts&image_id=5 HTTP/1.1" 200 21990
[12/May/2026 23:03:07] "GET /api/predictions/?task=damage&image_id=4 HTTP/1.1" 200 16674
[12/May/2026 23:03:07] "GET /api/predictions/?task=damage&image_id=5 HTTP/1.1" 200 12842
[12/May/2026 23:03:07] "GET /api/predictions/?task=car_parts&image_id=1 HTTP/1.1" 200 38651
[12/May/2026 23:03:07] "GET /api/predictions/?task=damage&image_id=1 HTTP/1.1" 200 15862
[12/May/2026 23:03:07] "GET /api/predictions/?task=damage&image_id=2 HTTP/1.1" 200 15933
[12/May/2026 23:03:07] "GET /api/predictions/?task=car_parts&image_id=2 HTTP/1.1" 200 35319
[12/May/2026 23:03:07] "GET /api/predictions/?task=car_parts&image_id=3 HTTP/1.1" 200 29381
[12/May/2026 23:03:07] "GET /api/predictions/?task=damage&image_id=3 HTTP/1.1" 200 13365
[12/May/2026 23:03:07] "GET /api/predictions/?task=car_parts&image_id=4 HTTP/1.1" 200 50377
[12/May/2026 23:03:07] "GET /api/predictions/?task=car_parts&image_id=5 HTTP/1.1" 200 21990
[12/May/2026 23:03:07] "GET /api/predictions/?task=damage&image_id=4 HTTP/1.1" 200 16674
[12/May/2026 23:03:07] "GET /api/predictions/?task=damage&image_id=5 HTTP/1.1" 200 12842
[12/May/2026 23:04:35] "GET /api/models/ HTTP/1.1" 200 7022
[12/May/2026 23:04:35] "GET /api/annotations/ HTTP/1.1" 200 25269
[12/May/2026 23:04:35] "GET /api/models/ HTTP/1.1" 200 7022
[12/May/2026 23:04:35] "GET /api/annotations/ HTTP/1.1" 200 25269
[12/May/2026 23:04:35] "GET /api/predictions/?task=car_parts&image_id=1 HTTP/1.1" 200 38651
[12/May/2026 23:04:35] "GET /api/predictions/?task=damage&image_id=1 HTTP/1.1" 200 15862
[12/May/2026 23:04:35] "GET /api/predictions/?task=car_parts&image_id=2 HTTP/1.1" 200 35319
[12/May/2026 23:04:35] "GET /api/predictions/?task=damage&image_id=2 HTTP/1.1" 200 15933
[12/May/2026 23:04:35] "GET /api/predictions/?task=car_parts&image_id=3 HTTP/1.1" 200 29381
[12/May/2026 23:04:35] "GET /api/predictions/?task=damage&image_id=3 HTTP/1.1" 200 13365
[12/May/2026 23:04:35] "GET /api/predictions/?task=car_parts&image_id=4 HTTP/1.1" 200 50377
[12/May/2026 23:04:35] "GET /api/predictions/?task=damage&image_id=4 HTTP/1.1" 200 16674
[12/May/2026 23:04:35] "GET /api/predictions/?task=car_parts&image_id=5 HTTP/1.1" 200 21990
[12/May/2026 23:04:35] "GET /api/predictions/?task=damage&image_id=5 HTTP/1.1" 200 12842
[12/May/2026 23:04:35] "GET /api/predictions/?task=car_parts&image_id=1 HTTP/1.1" 200 38651
[12/May/2026 23:04:35] "GET /api/predictions/?task=damage&image_id=1 HTTP/1.1" 200 15862
[12/May/2026 23:04:35] "GET /api/predictions/?task=car_parts&image_id=2 HTTP/1.1" 200 35319
[12/May/2026 23:04:35] "GET /api/predictions/?task=car_parts&image_id=3 HTTP/1.1" 200 29381
[12/May/2026 23:04:35] "GET /api/predictions/?task=damage&image_id=2 HTTP/1.1" 200 15933
[12/May/2026 23:04:35] "GET /api/predictions/?task=damage&image_id=3 HTTP/1.1" 200 13365
[12/May/2026 23:04:35] "GET /api/predictions/?task=car_parts&image_id=4 HTTP/1.1" 200 50377
[12/May/2026 23:04:35] "GET /api/predictions/?task=damage&image_id=4 HTTP/1.1" 200 16674
[12/May/2026 23:04:35] "GET /api/predictions/?task=car_parts&image_id=5 HTTP/1.1" 200 21990
[12/May/2026 23:04:35] "GET /api/predictions/?task=damage&image_id=5 HTTP/1.1" 200 12842
[12/May/2026 23:04:40] "POST /api/uploads/ HTTP/1.1" 200 218
[12/May/2026 23:04:40] "GET /media/uploads/5690ccb2c1fa4b03bbd560e906dc2bd2.png HTTP/1.1" 200 14314783
[12/May/2026 23:04:43] "OPTIONS /api/uploaded-predictions/ HTTP/1.1" 204 0
[12/May/2026 23:04:45] "POST /api/uploaded-predictions/ HTTP/1.1" 200 629291
[12/May/2026 23:04:47] "POST /api/uploaded-predictions/ HTTP/1.1" 200 264869
Not Found: /api/annotations
[12/May/2026 23:05:08] "GET /api/annotations HTTP/1.1" 404 3511
Not Found: /favicon.ico
[12/May/2026 23:05:08] "GET /favicon.ico HTTP/1.1" 404 3499
Not Found: /api
[12/May/2026 23:05:13] "GET /api HTTP/1.1" 404 3475
[12/May/2026 23:05:27] "GET /api/annotations/ HTTP/1.1" 200 25269
Not Found: /api
[12/May/2026 23:05:41] "GET /api HTTP/1.1" 404 3475
Not Found: /api/uploaded-predictions
[12/May/2026 23:05:51] "GET /api/uploaded-predictions HTTP/1.1" 404 3538
Not Found: /api/api/uploaded-predictions
[12/May/2026 23:06:05] "GET /api/api/uploaded-predictions HTTP/1.1" 404 3550
Not Found: /api/uploaded-predictions
[12/May/2026 23:06:10] "GET /api/uploaded-predictions HTTP/1.1" 404 3538
Not Found: /api/predictions
[12/May/2026 23:06:19] "GET /api/predictions HTTP/1.1" 404 3511
[12/May/2026 23:06:33] "GET /api/annotations/ HTTP/1.1" 200 25269
[12/May/2026 23:08:31] "GET /api/health/ HTTP/1.1" 200 16
[12/May/2026 23:08:45] "GET /api/annotations/ HTTP/1.1" 200 25269
[12/May/2026 23:29:03] "GET /api/annotations/ HTTP/1.1" 200 25269
[12/May/2026 23:29:03] "GET /api/models/ HTTP/1.1" 200 7022
[12/May/2026 23:29:03] "GET /api/annotations/ HTTP/1.1" 200 25269
[12/May/2026 23:29:03] "GET /api/models/ HTTP/1.1" 200 7022
[12/May/2026 23:29:03] "GET /api/predictions/?task=car_parts&image_id=1 HTTP/1.1" 200 38651
[12/May/2026 23:29:03] "GET /api/predictions/?task=damage&image_id=1 HTTP/1.1" 200 15862
[12/May/2026 23:29:03] "GET /api/predictions/?task=car_parts&image_id=2 HTTP/1.1" 200 35319
[12/May/2026 23:29:03] "GET /api/predictions/?task=damage&image_id=2 HTTP/1.1" 200 15933
[12/May/2026 23:29:03] "GET /api/predictions/?task=car_parts&image_id=3 HTTP/1.1" 200 29381
[12/May/2026 23:29:03] "GET /api/predictions/?task=damage&image_id=3 HTTP/1.1" 200 13365
[12/May/2026 23:29:03] "GET /api/predictions/?task=car_parts&image_id=4 HTTP/1.1" 200 50377
[12/May/2026 23:29:03] "GET /api/predictions/?task=damage&image_id=4 HTTP/1.1" 200 16674
[12/May/2026 23:29:03] "GET /api/predictions/?task=car_parts&image_id=5 HTTP/1.1" 200 21990
[12/May/2026 23:29:03] "GET /api/predictions/?task=damage&image_id=5 HTTP/1.1" 200 12842
[12/May/2026 23:29:03] "GET /api/predictions/?task=damage&image_id=1 HTTP/1.1" 200 15862
[12/May/2026 23:29:03] "GET /api/predictions/?task=car_parts&image_id=1 HTTP/1.1" 200 38651
[12/May/2026 23:29:03] "GET /api/predictions/?task=car_parts&image_id=2 HTTP/1.1" 200 35319
[12/May/2026 23:29:03] "GET /api/predictions/?task=car_parts&image_id=3 HTTP/1.1" 200 29381
[12/May/2026 23:29:03] "GET /api/predictions/?task=damage&image_id=2 HTTP/1.1" 200 15933
[12/May/2026 23:29:03] "GET /api/predictions/?task=damage&image_id=3 HTTP/1.1" 200 13365
[12/May/2026 23:29:03] "GET /api/predictions/?task=car_parts&image_id=4 HTTP/1.1" 200 50377
[12/May/2026 23:29:03] "GET /api/predictions/?task=damage&image_id=4 HTTP/1.1" 200 16674
[12/May/2026 23:29:03] "GET /api/predictions/?task=car_parts&image_id=5 HTTP/1.1" 200 21990
[12/May/2026 23:29:03] "GET /api/predictions/?task=damage&image_id=5 HTTP/1.1" 200 12842
[12/May/2026 23:53:50] "GET /api/annotations/ HTTP/1.1" 200 25269
[12/May/2026 23:53:50] "GET /api/models/ HTTP/1.1" 200 7022
[12/May/2026 23:53:50] "GET /api/annotations/ HTTP/1.1" 200 25269
[12/May/2026 23:53:50] "GET /api/models/ HTTP/1.1" 200 7022
[12/May/2026 23:53:50] "GET /api/predictions/?task=car_parts&image_id=1 HTTP/1.1" 200 38651
[12/May/2026 23:53:50] "GET /api/predictions/?task=damage&image_id=1 HTTP/1.1" 200 15862
[12/May/2026 23:53:50] "GET /api/predictions/?task=car_parts&image_id=2 HTTP/1.1" 200 35319
[12/May/2026 23:53:50] "GET /api/predictions/?task=damage&image_id=2 HTTP/1.1" 200 15933
[12/May/2026 23:53:50] "GET /api/predictions/?task=car_parts&image_id=3 HTTP/1.1" 200 29381
[12/May/2026 23:53:50] "GET /api/predictions/?task=damage&image_id=3 HTTP/1.1" 200 13365
[12/May/2026 23:53:50] "GET /api/predictions/?task=car_parts&image_id=4 HTTP/1.1" 200 50377
[12/May/2026 23:53:50] "GET /api/predictions/?task=damage&image_id=4 HTTP/1.1" 200 16674
[12/May/2026 23:53:50] "GET /api/predictions/?task=car_parts&image_id=5 HTTP/1.1" 200 21990
[12/May/2026 23:53:50] "GET /api/predictions/?task=damage&image_id=5 HTTP/1.1" 200 12842
[12/May/2026 23:53:50] "GET /api/predictions/?task=car_parts&image_id=1 HTTP/1.1" 200 38651
[12/May/2026 23:53:50] "GET /api/predictions/?task=damage&image_id=1 HTTP/1.1" 200 15862
[12/May/2026 23:53:50] "GET /api/predictions/?task=car_parts&image_id=2 HTTP/1.1" 200 35319
[12/May/2026 23:53:50] "GET /api/predictions/?task=damage&image_id=2 HTTP/1.1" 200 15933
[12/May/2026 23:53:50] "GET /api/predictions/?task=car_parts&image_id=3 HTTP/1.1" 200 29381
[12/May/2026 23:53:50] "GET /api/predictions/?task=damage&image_id=3 HTTP/1.1" 200 13365
[12/May/2026 23:53:50] "GET /api/predictions/?task=car_parts&image_id=4 HTTP/1.1" 200 50377
[12/May/2026 23:53:50] "GET /api/predictions/?task=damage&image_id=4 HTTP/1.1" 200 16674
[12/May/2026 23:53:50] "GET /api/predictions/?task=car_parts&image_id=5 HTTP/1.1" 200 21990
[12/May/2026 23:53:50] "GET /api/predictions/?task=damage&image_id=5 HTTP/1.1" 200 12842
[13/May/2026 11:23:49] "GET /api/models/ HTTP/1.1" 200 7022
[13/May/2026 11:23:49] "GET /api/annotations/ HTTP/1.1" 200 25269
[13/May/2026 11:23:49] "GET /api/models/ HTTP/1.1" 200 7022
[13/May/2026 11:23:49] "GET /api/annotations/ HTTP/1.1" 200 25269
[13/May/2026 11:23:49] "GET /api/predictions/?task=car_parts&image_id=1 HTTP/1.1" 200 38651
[13/May/2026 11:23:49] "GET /api/predictions/?task=damage&image_id=1 HTTP/1.1" 200 15862
[13/May/2026 11:23:49] "GET /api/predictions/?task=damage&image_id=2 HTTP/1.1" 200 15933
[13/May/2026 11:23:49] "GET /api/predictions/?task=car_parts&image_id=3 HTTP/1.1" 200 29381
[13/May/2026 11:23:49] "GET /api/predictions/?task=damage&image_id=3 HTTP/1.1" 200 13365
[13/May/2026 11:23:49] "GET /api/predictions/?task=car_parts&image_id=2 HTTP/1.1" 200 35319
[13/May/2026 11:23:49] "GET /api/predictions/?task=car_parts&image_id=4 HTTP/1.1" 200 50377
[13/May/2026 11:23:49] "GET /api/predictions/?task=damage&image_id=4 HTTP/1.1" 200 16674
[13/May/2026 11:23:49] "GET /api/predictions/?task=car_parts&image_id=5 HTTP/1.1" 200 21990
[13/May/2026 11:23:49] "GET /api/predictions/?task=damage&image_id=5 HTTP/1.1" 200 12842
[13/May/2026 11:23:49] "GET /api/predictions/?task=car_parts&image_id=1 HTTP/1.1" 200 38651
[13/May/2026 11:23:49] "GET /api/predictions/?task=damage&image_id=2 HTTP/1.1" 200 15933
[13/May/2026 11:23:49] "GET /api/predictions/?task=damage&image_id=1 HTTP/1.1" 200 15862
[13/May/2026 11:23:49] "GET /api/predictions/?task=car_parts&image_id=2 HTTP/1.1" 200 35319
[13/May/2026 11:23:49] "GET /api/predictions/?task=car_parts&image_id=3 HTTP/1.1" 200 29381
[13/May/2026 11:23:49] "GET /api/predictions/?task=damage&image_id=3 HTTP/1.1" 200 13365
[13/May/2026 11:23:49] "GET /api/predictions/?task=car_parts&image_id=4 HTTP/1.1" 200 50377
[13/May/2026 11:23:49] "GET /api/predictions/?task=damage&image_id=4 HTTP/1.1" 200 16674
[13/May/2026 11:23:49] "GET /api/predictions/?task=car_parts&image_id=5 HTTP/1.1" 200 21990
[13/May/2026 11:23:49] "GET /api/predictions/?task=damage&image_id=5 HTTP/1.1" 200 12842
[13/May/2026 11:23:50] "GET /media/samples/images/sample-1-Car-damages-968.jpg HTTP/1.1" 304 0
[13/May/2026 12:36:47] "GET /api/predictions/?task=damage&image_id=3 HTTP/1.1" 200 13365
[13/May/2026 12:36:47] "GET /api/predictions/?task=damage&image_id=1 HTTP/1.1" 200 15862
[13/May/2026 12:36:47] "GET /api/predictions/?task=damage&image_id=2 HTTP/1.1" 200 15933
[13/May/2026 12:36:47] "GET /api/predictions/?task=car_parts&image_id=2 HTTP/1.1" 200 35319
[13/May/2026 12:36:47] "GET /api/predictions/?task=car_parts&image_id=1 HTTP/1.1" 200 38651
[13/May/2026 12:36:47] "GET /api/predictions/?task=car_parts&image_id=4 HTTP/1.1" 200 50377
[13/May/2026 12:36:47] "GET /api/predictions/?task=car_parts&image_id=3 HTTP/1.1" 200 29381
[13/May/2026 12:36:47] "GET /api/predictions/?task=damage&image_id=4 HTTP/1.1" 200 16674
[13/May/2026 12:36:47] "GET /api/predictions/?task=car_parts&image_id=5 HTTP/1.1" 200 21990
[13/May/2026 12:36:47] "GET /api/predictions/?task=damage&image_id=5 HTTP/1.1" 200 12842
[13/May/2026 12:36:47] "GET /api/predictions/?task=damage&image_id=3 HTTP/1.1" 200 13365
[13/May/2026 12:36:47] "GET /api/predictions/?task=damage&image_id=1 HTTP/1.1" 200 15862
[13/May/2026 12:36:47] "GET /api/predictions/?task=damage&image_id=2 HTTP/1.1" 200 15933
[13/May/2026 12:36:47] "GET /api/predictions/?task=car_parts&image_id=2 HTTP/1.1" 200 35319
[13/May/2026 12:36:47] "GET /api/predictions/?task=car_parts&image_id=1 HTTP/1.1" 200 38651
[13/May/2026 12:36:47] "GET /api/predictions/?task=car_parts&image_id=4 HTTP/1.1" 200 50377
[13/May/2026 12:36:47] "GET /api/predictions/?task=car_parts&image_id=3 HTTP/1.1" 200 29381
[13/May/2026 12:36:47] "GET /api/predictions/?task=damage&image_id=4 HTTP/1.1" 200 16674
[13/May/2026 12:36:47] "GET /media/samples/images/sample-1-Car-damages-968.jpg HTTP/1.1" 304 0
[13/May/2026 12:36:47] "GET /api/predictions/?task=car_parts&image_id=5 HTTP/1.1" 200 21990
[13/May/2026 12:36:47] "GET /api/predictions/?task=damage&image_id=5 HTTP/1.1" 200 12842
[13/May/2026 12:36:54] "POST /api/uploads/ HTTP/1.1" 200 218
[13/May/2026 12:36:54] "GET /media/uploads/604ef2f3c995479dbc20ce0ef56fbeb7.png HTTP/1.1" 200 14314783
[13/May/2026 12:36:56] "OPTIONS /api/uploaded-predictions/ HTTP/1.1" 204 0
[13/May/2026 12:37:02] "POST /api/uploaded-predictions/ HTTP/1.1" 200 629291
[13/May/2026 12:37:02] "OPTIONS /api/uploaded-predictions/ HTTP/1.1" 204 0
[13/May/2026 12:37:03] "POST /api/uploaded-predictions/ HTTP/1.1" 200 264869
[13/May/2026 12:39:48] "GET /api/annotations/ HTTP/1.1" 200 25269
[13/May/2026 12:39:48] "GET /api/models/ HTTP/1.1" 200 7022
[13/May/2026 12:39:48] "GET /api/annotations/ HTTP/1.1" 200 25269
[13/May/2026 12:39:48] "GET /api/models/ HTTP/1.1" 200 7022
[13/May/2026 12:39:48] "GET /api/predictions/?task=car_parts&image_id=1 HTTP/1.1" 200 38651
[13/May/2026 12:39:48] "GET /api/predictions/?task=damage&image_id=1 HTTP/1.1" 200 15862
[13/May/2026 12:39:48] "GET /api/predictions/?task=damage&image_id=2 HTTP/1.1" 200 15933
[13/May/2026 12:39:48] "GET /api/predictions/?task=car_parts&image_id=2 HTTP/1.1" 200 35319
[13/May/2026 12:39:48] "GET /api/predictions/?task=car_parts&image_id=3 HTTP/1.1" 200 29381
[13/May/2026 12:39:48] "GET /api/predictions/?task=damage&image_id=3 HTTP/1.1" 200 13365
[13/May/2026 12:39:48] "GET /api/predictions/?task=car_parts&image_id=4 HTTP/1.1" 200 50377
[13/May/2026 12:39:48] "GET /api/predictions/?task=damage&image_id=4 HTTP/1.1" 200 16674
[13/May/2026 12:39:48] "GET /api/predictions/?task=car_parts&image_id=5 HTTP/1.1" 200 21990
[13/May/2026 12:39:48] "GET /api/predictions/?task=damage&image_id=5 HTTP/1.1" 200 12842
[13/May/2026 12:39:48] "GET /api/predictions/?task=car_parts&image_id=1 HTTP/1.1" 200 38651
[13/May/2026 12:39:48] "GET /api/predictions/?task=damage&image_id=1 HTTP/1.1" 200 15862
[13/May/2026 12:39:48] "GET /api/predictions/?task=damage&image_id=2 HTTP/1.1" 200 15933
[13/May/2026 12:39:48] "GET /api/predictions/?task=car_parts&image_id=2 HTTP/1.1" 200 35319
[13/May/2026 12:39:48] "GET /api/predictions/?task=car_parts&image_id=3 HTTP/1.1" 200 29381
[13/May/2026 12:39:48] "GET /api/predictions/?task=damage&image_id=3 HTTP/1.1" 200 13365
[13/May/2026 12:39:48] "GET /api/predictions/?task=car_parts&image_id=4 HTTP/1.1" 200 50377
[13/May/2026 12:39:48] "GET /api/predictions/?task=damage&image_id=4 HTTP/1.1" 200 16674
[13/May/2026 12:39:48] "GET /api/predictions/?task=car_parts&image_id=5 HTTP/1.1" 200 21990
[13/May/2026 12:39:48] "GET /api/predictions/?task=damage&image_id=5 HTTP/1.1" 200 12842
[13/May/2026 12:39:56] "POST /api/uploads/ HTTP/1.1" 200 218
[13/May/2026 12:39:56] "GET /media/uploads/82ecd3a098374505ade17154cd5b35b3.png HTTP/1.1" 200 14314783
[13/May/2026 12:39:58] "OPTIONS /api/uploaded-predictions/ HTTP/1.1" 204 0
[13/May/2026 12:40:00] "POST /api/uploaded-predictions/ HTTP/1.1" 200 629291
[13/May/2026 12:40:01] "POST /api/uploaded-predictions/ HTTP/1.1" 200 264869
[13/May/2026 12:41:05] "GET /media/samples/images/sample-2-Car-damages-941.png HTTP/1.1" 304 0
[13/May/2026 12:41:06] "GET /media/samples/images/sample-3-Car-damages-1116.png HTTP/1.1" 304 0
[13/May/2026 12:41:06] "GET /media/samples/images/sample-4-Car-damages-1601.png HTTP/1.1" 304 0
[13/May/2026 12:41:08] "GET /media/samples/images/sample-5-Car-damages-1141.png HTTP/1.1" 304 0
[13/May/2026 12:41:08] "GET /media/uploads/82ecd3a098374505ade17154cd5b35b3.png HTTP/1.1" 304 0
[13/May/2026 12:41:31] "GET /media/uploads/82ecd3a098374505ade17154cd5b35b3.png HTTP/1.1" 304 0
[13/May/2026 12:42:48] "GET /media/uploads/82ecd3a098374505ade17154cd5b35b3.png HTTP/1.1" 304 0
[13/May/2026 12:42:55] "GET /api/annotations/ HTTP/1.1" 200 25269
[13/May/2026 12:42:55] "GET /api/models/ HTTP/1.1" 200 7022
[13/May/2026 12:42:55] "GET /api/predictions/?task=damage&image_id=1 HTTP/1.1" 200 15862
[13/May/2026 12:42:55] "GET /api/predictions/?task=car_parts&image_id=1 HTTP/1.1" 200 38651
[13/May/2026 12:42:55] "GET /api/predictions/?task=car_parts&image_id=2 HTTP/1.1" 200 35319
[13/May/2026 12:42:55] "GET /api/predictions/?task=damage&image_id=2 HTTP/1.1" 200 15933
[13/May/2026 12:42:55] "GET /api/predictions/?task=car_parts&image_id=3 HTTP/1.1" 200 29381
[13/May/2026 12:42:55] "GET /api/predictions/?task=car_parts&image_id=4 HTTP/1.1" 200 50377
[13/May/2026 12:42:55] "GET /api/predictions/?task=damage&image_id=3 HTTP/1.1" 200 13365
[13/May/2026 12:42:55] "GET /api/predictions/?task=damage&image_id=4 HTTP/1.1" 200 16674
[13/May/2026 12:42:55] "GET /api/predictions/?task=damage&image_id=5 HTTP/1.1" 200 12842
[13/May/2026 12:42:55] "GET /api/predictions/?task=car_parts&image_id=5 HTTP/1.1" 200 21990
[13/May/2026 12:42:55] "GET /api/annotations/ HTTP/1.1" 200 25269
[13/May/2026 12:42:55] "GET /api/models/ HTTP/1.1" 200 7022
[13/May/2026 12:42:55] "GET /api/predictions/?task=car_parts&image_id=1 HTTP/1.1" 200 38651
[13/May/2026 12:42:55] "GET /api/predictions/?task=damage&image_id=1 HTTP/1.1" 200 15862
[13/May/2026 12:42:55] "GET /api/predictions/?task=car_parts&image_id=2 HTTP/1.1" 200 35319
[13/May/2026 12:42:55] "GET /api/predictions/?task=damage&image_id=2 HTTP/1.1" 200 15933
[13/May/2026 12:42:55] "GET /api/predictions/?task=car_parts&image_id=3 HTTP/1.1" 200 29381
[13/May/2026 12:42:55] "GET /api/predictions/?task=damage&image_id=3 HTTP/1.1" 200 13365
[13/May/2026 12:42:55] "GET /api/predictions/?task=car_parts&image_id=4 HTTP/1.1" 200 50377
[13/May/2026 12:42:55] "GET /api/predictions/?task=damage&image_id=4 HTTP/1.1" 200 16674
[13/May/2026 12:42:55] "GET /api/predictions/?task=car_parts&image_id=5 HTTP/1.1" 200 21990
[13/May/2026 12:42:55] "GET /api/predictions/?task=damage&image_id=5 HTTP/1.1" 200 12842
[13/May/2026 12:43:12] "POST /api/uploads/ HTTP/1.1" 200 218
[13/May/2026 12:43:12] "GET /media/uploads/d3d53c37330b4ff8a06c2fb9857ff871.png HTTP/1.1" 200 14314783
[13/May/2026 12:43:14] "OPTIONS /api/uploaded-predictions/ HTTP/1.1" 204 0
[13/May/2026 12:43:16] "POST /api/uploaded-predictions/ HTTP/1.1" 200 629291
[13/May/2026 12:43:18] "POST /api/uploaded-predictions/ HTTP/1.1" 200 264869
[13/May/2026 12:43:25] "GET /media/uploads/d3d53c37330b4ff8a06c2fb9857ff871.png HTTP/1.1" 304 0
[13/May/2026 13:05:34] "POST /api/uploads/ HTTP/1.1" 200 257
[13/May/2026 13:05:34] "GET /media/uploads/9c2c453a71134a6c838b0e807a487853.webp HTTP/1.1" 200 18844
[13/May/2026 13:05:35] "OPTIONS /api/uploaded-predictions/ HTTP/1.1" 204 0
[13/May/2026 13:05:37] "POST /api/uploaded-predictions/ HTTP/1.1" 200 129759
[13/May/2026 13:05:37] "POST /api/uploaded-predictions/ HTTP/1.1" 200 89579
[13/May/2026 13:39:08] "GET /api/annotations/ HTTP/1.1" 200 25269
[13/May/2026 13:39:08] "GET /api/annotations/ HTTP/1.1" 200 25269
[13/May/2026 13:39:08] "GET /api/models/ HTTP/1.1" 200 7022
[13/May/2026 13:39:08] "GET /api/models/ HTTP/1.1" 200 7022
[13/May/2026 13:39:08] "GET /api/predictions/?task=car_parts&image_id=1 HTTP/1.1" 200 38651
[13/May/2026 13:39:08] "GET /api/predictions/?task=damage&image_id=1 HTTP/1.1" 200 15862
[13/May/2026 13:39:08] "GET /api/predictions/?task=car_parts&image_id=2 HTTP/1.1" 200 35319
[13/May/2026 13:39:08] "GET /api/predictions/?task=car_parts&image_id=3 HTTP/1.1" 200 29381
[13/May/2026 13:39:08] "GET /api/predictions/?task=damage&image_id=2 HTTP/1.1" 200 15933
[13/May/2026 13:39:08] "GET /api/predictions/?task=damage&image_id=3 HTTP/1.1" 200 13365
[13/May/2026 13:39:08] "GET /api/predictions/?task=car_parts&image_id=1 HTTP/1.1" 200 38651
[13/May/2026 13:39:08] "GET /api/predictions/?task=damage&image_id=1 HTTP/1.1" 200 15862
[13/May/2026 13:39:08] "GET /api/predictions/?task=car_parts&image_id=2 HTTP/1.1" 200 35319
[13/May/2026 13:39:08] "GET /api/predictions/?task=damage&image_id=2 HTTP/1.1" 200 15933
[13/May/2026 13:39:08] "GET /api/predictions/?task=car_parts&image_id=3 HTTP/1.1" 200 29381
[13/May/2026 13:39:08] "GET /api/predictions/?task=damage&image_id=3 HTTP/1.1" 200 13365
[13/May/2026 13:39:08] "GET /api/predictions/?task=damage&image_id=4 HTTP/1.1" 200 16674
[13/May/2026 13:39:08] "GET /api/predictions/?task=car_parts&image_id=4 HTTP/1.1" 200 50377
[13/May/2026 13:39:08] "GET /api/predictions/?task=damage&image_id=5 HTTP/1.1" 200 12842
[13/May/2026 13:39:08] "GET /api/predictions/?task=car_parts&image_id=5 HTTP/1.1" 200 21990
[13/May/2026 13:39:08] "GET /api/predictions/?task=car_parts&image_id=4 HTTP/1.1" 200 50377
[13/May/2026 13:39:08] "GET /api/predictions/?task=damage&image_id=4 HTTP/1.1" 200 16674
[13/May/2026 13:39:08] "GET /api/predictions/?task=damage&image_id=5 HTTP/1.1" 200 12842
[13/May/2026 13:39:08] "GET /api/predictions/?task=car_parts&image_id=5 HTTP/1.1" 200 21990
[13/May/2026 13:39:26] "GET /api/annotations/ HTTP/1.1" 200 25269
[13/May/2026 13:39:26] "GET /api/models/ HTTP/1.1" 200 7022
[13/May/2026 13:39:26] "GET /api/annotations/ HTTP/1.1" 200 25269
[13/May/2026 13:39:26] "GET /api/models/ HTTP/1.1" 200 7022
[13/May/2026 13:39:26] "GET /api/predictions/?task=car_parts&image_id=1 HTTP/1.1" 200 38651
[13/May/2026 13:39:26] "GET /api/predictions/?task=damage&image_id=1 HTTP/1.1" 200 15862
[13/May/2026 13:39:26] "GET /api/predictions/?task=car_parts&image_id=2 HTTP/1.1" 200 35319
[13/May/2026 13:39:26] "GET /api/predictions/?task=damage&image_id=2 HTTP/1.1" 200 15933
[13/May/2026 13:39:26] "GET /api/predictions/?task=car_parts&image_id=3 HTTP/1.1" 200 29381
[13/May/2026 13:39:26] "GET /api/predictions/?task=damage&image_id=3 HTTP/1.1" 200 13365
[13/May/2026 13:39:26] "GET /api/predictions/?task=car_parts&image_id=4 HTTP/1.1" 200 50377
[13/May/2026 13:39:26] "GET /api/predictions/?task=damage&image_id=4 HTTP/1.1" 200 16674
[13/May/2026 13:39:26] "GET /api/predictions/?task=car_parts&image_id=5 HTTP/1.1" 200 21990
[13/May/2026 13:39:26] "GET /api/predictions/?task=damage&image_id=5 HTTP/1.1" 200 12842
[13/May/2026 13:39:26] "GET /api/predictions/?task=car_parts&image_id=1 HTTP/1.1" 200 38651
[13/May/2026 13:39:26] "GET /api/predictions/?task=damage&image_id=1 HTTP/1.1" 200 15862
[13/May/2026 13:39:26] "GET /api/predictions/?task=car_parts&image_id=2 HTTP/1.1" 200 35319
[13/May/2026 13:39:26] "GET /api/predictions/?task=damage&image_id=2 HTTP/1.1" 200 15933
[13/May/2026 13:39:26] "GET /api/predictions/?task=car_parts&image_id=3 HTTP/1.1" 200 29381
[13/May/2026 13:39:26] "GET /api/predictions/?task=damage&image_id=3 HTTP/1.1" 200 13365
[13/May/2026 13:39:26] "GET /api/predictions/?task=car_parts&image_id=4 HTTP/1.1" 200 50377
[13/May/2026 13:39:26] "GET /api/predictions/?task=damage&image_id=4 HTTP/1.1" 200 16674
[13/May/2026 13:39:26] "GET /api/predictions/?task=car_parts&image_id=5 HTTP/1.1" 200 21990
[13/May/2026 13:39:26] "GET /api/predictions/?task=damage&image_id=5 HTTP/1.1" 200 12842
[13/May/2026 13:39:53] "POST /api/uploads/ HTTP/1.1" 200 218
[13/May/2026 13:39:53] "GET /media/uploads/3f487c5f773d477bac66cf5ab7f5ee87.png HTTP/1.1" 200 14314783
[13/May/2026 13:39:54] "OPTIONS /api/uploaded-predictions/ HTTP/1.1" 204 0
[13/May/2026 13:39:57] "POST /api/uploaded-predictions/ HTTP/1.1" 200 629291
[13/May/2026 13:39:59] "POST /api/uploaded-predictions/ HTTP/1.1" 200 264869
[13/May/2026 13:57:46] "GET /api/models/ HTTP/1.1" 200 7022
[13/May/2026 13:57:46] "GET /api/annotations/ HTTP/1.1" 200 25269
[13/May/2026 13:57:46] "GET /api/models/ HTTP/1.1" 200 7022
[13/May/2026 13:57:46] "GET /api/annotations/ HTTP/1.1" 200 25269
[13/May/2026 13:57:46] "GET /api/predictions/?task=car_parts&image_id=1 HTTP/1.1" 200 38651
[13/May/2026 13:57:46] "GET /api/predictions/?task=car_parts&image_id=2 HTTP/1.1" 200 35319
[13/May/2026 13:57:46] "GET /api/predictions/?task=damage&image_id=1 HTTP/1.1" 200 15862
[13/May/2026 13:57:46] "GET /api/predictions/?task=damage&image_id=2 HTTP/1.1" 200 15933
[13/May/2026 13:57:46] "GET /api/predictions/?task=car_parts&image_id=3 HTTP/1.1" 200 29381
[13/May/2026 13:57:46] "GET /api/predictions/?task=car_parts&image_id=4 HTTP/1.1" 200 50377
[13/May/2026 13:57:46] "GET /api/predictions/?task=damage&image_id=3 HTTP/1.1" 200 13365
[13/May/2026 13:57:46] "GET /api/predictions/?task=damage&image_id=4 HTTP/1.1" 200 16674
[13/May/2026 13:57:46] "GET /api/predictions/?task=damage&image_id=5 HTTP/1.1" 200 12842
[13/May/2026 13:57:46] "GET /api/predictions/?task=car_parts&image_id=5 HTTP/1.1" 200 21990
[13/May/2026 13:57:46] "GET /api/predictions/?task=car_parts&image_id=2 HTTP/1.1" 200 35319
[13/May/2026 13:57:46] "GET /api/predictions/?task=damage&image_id=1 HTTP/1.1" 200 15862
[13/May/2026 13:57:46] "GET /api/predictions/?task=car_parts&image_id=1 HTTP/1.1" 200 38651
[13/May/2026 13:57:46] "GET /api/predictions/?task=damage&image_id=2 HTTP/1.1" 200 15933
[13/May/2026 13:57:46] "GET /api/predictions/?task=car_parts&image_id=3 HTTP/1.1" 200 29381
[13/May/2026 13:57:46] "GET /api/predictions/?task=car_parts&image_id=4 HTTP/1.1" 200 50377
[13/May/2026 13:57:46] "GET /api/predictions/?task=damage&image_id=3 HTTP/1.1" 200 13365
[13/May/2026 13:57:46] "GET /api/predictions/?task=damage&image_id=4 HTTP/1.1" 200 16674
[13/May/2026 13:57:46] "GET /api/predictions/?task=damage&image_id=5 HTTP/1.1" 200 12842
[13/May/2026 13:57:46] "GET /api/predictions/?task=car_parts&image_id=5 HTTP/1.1" 200 21990
[13/May/2026 13:57:51] "POST /api/uploads/ HTTP/1.1" 200 218
[13/May/2026 13:57:51] "GET /media/uploads/4cd61e4f79aa4bac839a59117756c736.png HTTP/1.1" 200 14314783
[13/May/2026 13:57:54] "OPTIONS /api/uploaded-predictions/ HTTP/1.1" 204 0
[13/May/2026 13:57:56] "POST /api/uploaded-predictions/ HTTP/1.1" 200 629291
[13/May/2026 13:57:57] "POST /api/uploaded-predictions/ HTTP/1.1" 200 264869
[13/May/2026 14:14:36] "GET /api/models/ HTTP/1.1" 200 7022
[13/May/2026 14:14:36] "GET /api/annotations/ HTTP/1.1" 200 25269
[13/May/2026 14:14:36] "GET /api/models/ HTTP/1.1" 200 7022
[13/May/2026 14:14:36] "GET /api/annotations/ HTTP/1.1" 200 25269
[13/May/2026 14:14:36] "GET /api/predictions/?task=car_parts&image_id=1 HTTP/1.1" 200 38651
[13/May/2026 14:14:36] "GET /api/predictions/?task=damage&image_id=1 HTTP/1.1" 200 15862
[13/May/2026 14:14:36] "GET /api/predictions/?task=damage&image_id=2 HTTP/1.1" 200 15933
[13/May/2026 14:14:36] "GET /api/predictions/?task=car_parts&image_id=2 HTTP/1.1" 200 35319
[13/May/2026 14:14:36] "GET /api/predictions/?task=car_parts&image_id=3 HTTP/1.1" 200 29381
[13/May/2026 14:14:36] "GET /api/predictions/?task=damage&image_id=3 HTTP/1.1" 200 13365
[13/May/2026 14:14:36] "GET /api/predictions/?task=car_parts&image_id=4 HTTP/1.1" 200 50377
[13/May/2026 14:14:36] "GET /api/predictions/?task=damage&image_id=4 HTTP/1.1" 200 16674
[13/May/2026 14:14:36] "GET /api/predictions/?task=car_parts&image_id=5 HTTP/1.1" 200 21990
[13/May/2026 14:14:36] "GET /api/predictions/?task=damage&image_id=5 HTTP/1.1" 200 12842
[13/May/2026 14:14:36] "GET /api/predictions/?task=car_parts&image_id=1 HTTP/1.1" 200 38651
[13/May/2026 14:14:36] "GET /api/predictions/?task=damage&image_id=1 HTTP/1.1" 200 15862
[13/May/2026 14:14:36] "GET /api/predictions/?task=damage&image_id=2 HTTP/1.1" 200 15933
[13/May/2026 14:14:36] "GET /api/predictions/?task=car_parts&image_id=2 HTTP/1.1" 200 35319
[13/May/2026 14:14:36] "GET /api/predictions/?task=car_parts&image_id=3 HTTP/1.1" 200 29381
[13/May/2026 14:14:36] "GET /api/predictions/?task=damage&image_id=3 HTTP/1.1" 200 13365
[13/May/2026 14:14:36] "GET /api/predictions/?task=car_parts&image_id=4 HTTP/1.1" 200 50377
[13/May/2026 14:14:36] "GET /api/predictions/?task=damage&image_id=4 HTTP/1.1" 200 16674
[13/May/2026 14:14:36] "GET /api/predictions/?task=car_parts&image_id=5 HTTP/1.1" 200 21990
[13/May/2026 14:14:36] "GET /api/predictions/?task=damage&image_id=5 HTTP/1.1" 200 12842
[13/May/2026 14:15:07] "POST /api/uploads/ HTTP/1.1" 200 218
[13/May/2026 14:15:07] "GET /media/uploads/11edc0e9c55f4f3ca0f857da3e330cde.png HTTP/1.1" 200 14314783
[13/May/2026 14:15:09] "OPTIONS /api/uploaded-predictions/ HTTP/1.1" 204 0
[13/May/2026 14:15:11] "POST /api/uploaded-predictions/ HTTP/1.1" 200 629291
[13/May/2026 14:15:13] "POST /api/uploaded-predictions/ HTTP/1.1" 200 264869
[13/May/2026 14:29:21] "GET /api/annotations/ HTTP/1.1" 200 25269
[13/May/2026 14:29:21] "GET /api/models/ HTTP/1.1" 200 7022
[13/May/2026 14:29:21] "GET /api/annotations/ HTTP/1.1" 200 25269
[13/May/2026 14:29:21] "GET /api/models/ HTTP/1.1" 200 7022
[13/May/2026 14:29:21] "GET /api/predictions/?task=car_parts&image_id=1 HTTP/1.1" 200 38651
[13/May/2026 14:29:21] "GET /api/predictions/?task=damage&image_id=1 HTTP/1.1" 200 15862
[13/May/2026 14:29:21] "GET /api/predictions/?task=car_parts&image_id=2 HTTP/1.1" 200 35319
[13/May/2026 14:29:21] "GET /api/predictions/?task=damage&image_id=2 HTTP/1.1" 200 15933
[13/May/2026 14:29:21] "GET /api/predictions/?task=car_parts&image_id=3 HTTP/1.1" 200 29381
[13/May/2026 14:29:21] "GET /api/predictions/?task=car_parts&image_id=5 HTTP/1.1" 200 21990
[13/May/2026 14:29:21] "GET /api/predictions/?task=damage&image_id=3 HTTP/1.1" 200 13365
[13/May/2026 14:29:21] "GET /api/predictions/?task=car_parts&image_id=4 HTTP/1.1" 200 50377
[13/May/2026 14:29:21] "GET /api/predictions/?task=damage&image_id=4 HTTP/1.1" 200 16674
[13/May/2026 14:29:21] "GET /api/predictions/?task=damage&image_id=5 HTTP/1.1" 200 12842
[13/May/2026 14:29:21] "GET /api/predictions/?task=car_parts&image_id=1 HTTP/1.1" 200 38651
[13/May/2026 14:29:21] "GET /api/predictions/?task=damage&image_id=1 HTTP/1.1" 200 15862
[13/May/2026 14:29:21] "GET /api/predictions/?task=car_parts&image_id=2 HTTP/1.1" 200 35319
[13/May/2026 14:29:21] "GET /api/predictions/?task=damage&image_id=2 HTTP/1.1" 200 15933
[13/May/2026 14:29:21] "GET /api/predictions/?task=car_parts&image_id=5 HTTP/1.1" 200 21990
[13/May/2026 14:29:21] "GET /api/predictions/?task=car_parts&image_id=3 HTTP/1.1" 200 29381
[13/May/2026 14:29:21] "GET /api/predictions/?task=damage&image_id=3 HTTP/1.1" 200 13365
[13/May/2026 14:29:21] "GET /api/predictions/?task=car_parts&image_id=4 HTTP/1.1" 200 50377
[13/May/2026 14:29:21] "GET /api/predictions/?task=damage&image_id=4 HTTP/1.1" 200 16674
[13/May/2026 14:29:21] "GET /api/predictions/?task=damage&image_id=5 HTTP/1.1" 200 12842
[13/May/2026 14:29:26] "POST /api/uploads/ HTTP/1.1" 200 218
[13/May/2026 14:29:26] "GET /media/uploads/bf0403143c6d4e438d15a0b58beab8dd.png HTTP/1.1" 200 14314783
[13/May/2026 14:29:29] "OPTIONS /api/uploaded-predictions/ HTTP/1.1" 204 0
[13/May/2026 14:29:31] "POST /api/uploaded-predictions/ HTTP/1.1" 200 629291
[13/May/2026 14:29:33] "POST /api/uploaded-predictions/ HTTP/1.1" 200 264869
[13/May/2026 14:31:17] "GET /api/models/ HTTP/1.1" 200 7022
[13/May/2026 14:31:17] "GET /api/annotations/ HTTP/1.1" 200 25269
[13/May/2026 14:31:17] "GET /api/models/ HTTP/1.1" 200 7022
[13/May/2026 14:31:17] "GET /api/annotations/ HTTP/1.1" 200 25269
[13/May/2026 14:31:17] "GET /api/predictions/?task=car_parts&image_id=1 HTTP/1.1" 200 38651
[13/May/2026 14:31:17] "GET /api/predictions/?task=damage&image_id=1 HTTP/1.1" 200 15862
[13/May/2026 14:31:17] "GET /api/predictions/?task=car_parts&image_id=2 HTTP/1.1" 200 35319
[13/May/2026 14:31:17] "GET /api/predictions/?task=damage&image_id=2 HTTP/1.1" 200 15933
[13/May/2026 14:31:17] "GET /api/predictions/?task=car_parts&image_id=3 HTTP/1.1" 200 29381
[13/May/2026 14:31:17] "GET /api/predictions/?task=damage&image_id=3 HTTP/1.1" 200 13365
[13/May/2026 14:31:17] "GET /api/predictions/?task=car_parts&image_id=4 HTTP/1.1" 200 50377
[13/May/2026 14:31:17] "GET /api/predictions/?task=damage&image_id=4 HTTP/1.1" 200 16674
[13/May/2026 14:31:17] "GET /api/predictions/?task=car_parts&image_id=5 HTTP/1.1" 200 21990
[13/May/2026 14:31:17] "GET /api/predictions/?task=damage&image_id=5 HTTP/1.1" 200 12842
[13/May/2026 14:31:17] "GET /api/predictions/?task=car_parts&image_id=1 HTTP/1.1" 200 38651
[13/May/2026 14:31:17] "GET /api/predictions/?task=damage&image_id=1 HTTP/1.1" 200 15862
[13/May/2026 14:31:17] "GET /api/predictions/?task=car_parts&image_id=2 HTTP/1.1" 200 35319
[13/May/2026 14:31:17] "GET /api/predictions/?task=damage&image_id=2 HTTP/1.1" 200 15933
[13/May/2026 14:31:17] "GET /api/predictions/?task=car_parts&image_id=3 HTTP/1.1" 200 29381
[13/May/2026 14:31:17] "GET /api/predictions/?task=damage&image_id=3 HTTP/1.1" 200 13365
[13/May/2026 14:31:17] "GET /api/predictions/?task=car_parts&image_id=4 HTTP/1.1" 200 50377
[13/May/2026 14:31:17] "GET /api/predictions/?task=damage&image_id=4 HTTP/1.1" 200 16674
[13/May/2026 14:31:17] "GET /api/predictions/?task=car_parts&image_id=5 HTTP/1.1" 200 21990
[13/May/2026 14:31:17] "GET /api/predictions/?task=damage&image_id=5 HTTP/1.1" 200 12842
[13/May/2026 14:31:22] "POST /api/uploads/ HTTP/1.1" 200 218
[13/May/2026 14:31:22] "GET /media/uploads/909a53ec54ee4017b9dbaf307a0151b6.png HTTP/1.1" 200 14314783
[13/May/2026 14:31:24] "OPTIONS /api/uploaded-predictions/ HTTP/1.1" 204 0
[13/May/2026 14:31:26] "POST /api/uploaded-predictions/ HTTP/1.1" 200 629291
[13/May/2026 14:31:27] "POST /api/uploaded-predictions/ HTTP/1.1" 200 264869
[13/May/2026 16:29:54] "GET /api/annotations/ HTTP/1.1" 200 25269
[13/May/2026 16:29:54] "GET /api/models/ HTTP/1.1" 200 7022
[13/May/2026 16:29:54] "GET /api/annotations/ HTTP/1.1" 200 25269
[13/May/2026 16:29:54] "GET /api/models/ HTTP/1.1" 200 7022
[13/May/2026 16:29:54] "GET /api/predictions/?task=car_parts&image_id=1 HTTP/1.1" 200 38651
[13/May/2026 16:29:54] "GET /api/predictions/?task=damage&image_id=1 HTTP/1.1" 200 15862
[13/May/2026 16:29:54] "GET /api/predictions/?task=car_parts&image_id=2 HTTP/1.1" 200 35319
[13/May/2026 16:29:54] "GET /api/predictions/?task=damage&image_id=2 HTTP/1.1" 200 15933
[13/May/2026 16:29:54] "GET /api/predictions/?task=car_parts&image_id=3 HTTP/1.1" 200 29381
[13/May/2026 16:29:54] "GET /api/predictions/?task=damage&image_id=3 HTTP/1.1" 200 13365
[13/May/2026 16:29:54] "GET /api/predictions/?task=car_parts&image_id=4 HTTP/1.1" 200 50377
[13/May/2026 16:29:54] "GET /api/predictions/?task=damage&image_id=4 HTTP/1.1" 200 16674
[13/May/2026 16:29:54] "GET /api/predictions/?task=car_parts&image_id=5 HTTP/1.1" 200 21990
[13/May/2026 16:29:54] "GET /api/predictions/?task=damage&image_id=5 HTTP/1.1" 200 12842
[13/May/2026 16:29:54] "GET /api/predictions/?task=car_parts&image_id=2 HTTP/1.1" 200 35319
[13/May/2026 16:29:54] "GET /api/predictions/?task=damage&image_id=1 HTTP/1.1" 200 15862
[13/May/2026 16:29:54] "GET /api/predictions/?task=car_parts&image_id=1 HTTP/1.1" 200 38651
[13/May/2026 16:29:54] "GET /api/predictions/?task=car_parts&image_id=3 HTTP/1.1" 200 29381
[13/May/2026 16:29:54] "GET /api/predictions/?task=damage&image_id=2 HTTP/1.1" 200 15933
[13/May/2026 16:29:54] "GET /api/predictions/?task=damage&image_id=3 HTTP/1.1" 200 13365
[13/May/2026 16:29:54] "GET /api/predictions/?task=damage&image_id=4 HTTP/1.1" 200 16674
[13/May/2026 16:29:54] "GET /api/predictions/?task=car_parts&image_id=4 HTTP/1.1" 200 50377
[13/May/2026 16:29:54] "GET /api/predictions/?task=car_parts&image_id=5 HTTP/1.1" 200 21990
[13/May/2026 16:29:54] "GET /api/predictions/?task=damage&image_id=5 HTTP/1.1" 200 12842
[14/May/2026 18:02:44] "GET /api/models/ HTTP/1.1" 200 7022
[14/May/2026 18:02:44] "GET /api/annotations/ HTTP/1.1" 200 25269
[14/May/2026 18:02:44] "GET /api/models/ HTTP/1.1" 200 7022
[14/May/2026 18:02:44] "GET /api/annotations/ HTTP/1.1" 200 25269
[14/May/2026 18:02:44] "GET /api/predictions/?task=car_parts&image_id=1 HTTP/1.1" 200 38651
[14/May/2026 18:02:44] "GET /api/predictions/?task=damage&image_id=1 HTTP/1.1" 200 15862
[14/May/2026 18:02:44] "GET /api/predictions/?task=car_parts&image_id=2 HTTP/1.1" 200 35319
[14/May/2026 18:02:44] "GET /api/predictions/?task=damage&image_id=3 HTTP/1.1" 200 13365
[14/May/2026 18:02:44] "GET /api/predictions/?task=car_parts&image_id=4 HTTP/1.1" 200 50377
[14/May/2026 18:02:44] "GET /api/predictions/?task=damage&image_id=4 HTTP/1.1" 200 16674
[14/May/2026 18:02:44] "GET /api/predictions/?task=car_parts&image_id=5 HTTP/1.1" 200 21990
[14/May/2026 18:02:44] "GET /api/predictions/?task=damage&image_id=2 HTTP/1.1" 200 15933
[14/May/2026 18:02:44] "GET /api/predictions/?task=damage&image_id=5 HTTP/1.1" 200 12842
[14/May/2026 18:02:44] "GET /api/predictions/?task=car_parts&image_id=3 HTTP/1.1" 200 29381
[14/May/2026 18:02:44] "GET /api/predictions/?task=car_parts&image_id=1 HTTP/1.1" 200 38651
[14/May/2026 18:02:44] "GET /api/predictions/?task=damage&image_id=1 HTTP/1.1" 200 15862
[14/May/2026 18:02:44] "GET /api/predictions/?task=car_parts&image_id=2 HTTP/1.1" 200 35319
[14/May/2026 18:02:44] "GET /api/predictions/?task=damage&image_id=3 HTTP/1.1" 200 13365
[14/May/2026 18:02:44] "GET /api/predictions/?task=car_parts&image_id=4 HTTP/1.1" 200 50377
[14/May/2026 18:02:44] "GET /api/predictions/?task=damage&image_id=4 HTTP/1.1" 200 16674
[14/May/2026 18:02:44] "GET /api/predictions/?task=car_parts&image_id=5 HTTP/1.1" 200 21990
[14/May/2026 18:02:44] "GET /api/predictions/?task=damage&image_id=2 HTTP/1.1" 200 15933
[14/May/2026 18:02:44] "GET /api/predictions/?task=car_parts&image_id=3 HTTP/1.1" 200 29381
[14/May/2026 18:02:44] "GET /media/samples/images/sample-1-Car-damages-968.jpg HTTP/1.1" 304 0
[14/May/2026 18:02:44] "GET /api/predictions/?task=damage&image_id=5 HTTP/1.1" 200 12842
[14/May/2026 18:02:49] "GET /api/predictions/?task=car_parts&image_id=1 HTTP/1.1" 200 38651
[14/May/2026 18:02:49] "GET /api/predictions/?task=damage&image_id=1 HTTP/1.1" 200 15862
[14/May/2026 18:02:49] "GET /api/predictions/?task=car_parts&image_id=2 HTTP/1.1" 200 35319
[14/May/2026 18:02:49] "GET /api/predictions/?task=damage&image_id=2 HTTP/1.1" 200 15933
[14/May/2026 18:02:49] "GET /api/predictions/?task=car_parts&image_id=5 HTTP/1.1" 200 21990
[14/May/2026 18:02:49] "GET /api/predictions/?task=damage&image_id=4 HTTP/1.1" 200 16674
[14/May/2026 18:02:49] "GET /api/predictions/?task=car_parts&image_id=3 HTTP/1.1" 200 29381
[14/May/2026 18:02:49] "GET /api/predictions/?task=damage&image_id=3 HTTP/1.1" 200 13365
[14/May/2026 18:02:49] "GET /api/predictions/?task=damage&image_id=5 HTTP/1.1" 200 12842
[14/May/2026 18:02:49] "GET /api/predictions/?task=car_parts&image_id=4 HTTP/1.1" 200 50377
[14/May/2026 18:02:49] "GET /api/predictions/?task=car_parts&image_id=1 HTTP/1.1" 200 38651
[14/May/2026 18:02:49] "GET /api/predictions/?task=damage&image_id=1 HTTP/1.1" 200 15862
[14/May/2026 18:02:49] "GET /api/predictions/?task=damage&image_id=2 HTTP/1.1" 200 15933
[14/May/2026 18:02:49] "GET /api/predictions/?task=car_parts&image_id=2 HTTP/1.1" 200 35319
[14/May/2026 18:02:49] "GET /api/predictions/?task=car_parts&image_id=5 HTTP/1.1" 200 21990
[14/May/2026 18:02:49] "GET /api/predictions/?task=damage&image_id=4 HTTP/1.1" 200 16674
[14/May/2026 18:02:49] "GET /api/predictions/?task=car_parts&image_id=3 HTTP/1.1" 200 29381
[14/May/2026 18:02:49] "GET /api/predictions/?task=damage&image_id=3 HTTP/1.1" 200 13365
[14/May/2026 18:02:49] "GET /api/predictions/?task=damage&image_id=5 HTTP/1.1" 200 12842
[14/May/2026 18:02:49] "GET /media/samples/images/sample-1-Car-damages-968.jpg HTTP/1.1" 304 0
[14/May/2026 18:02:49] "GET /api/predictions/?task=car_parts&image_id=4 HTTP/1.1" 200 50377
[14/May/2026 18:02:56] "POST /api/uploads/ HTTP/1.1" 200 218
[14/May/2026 18:02:56] "GET /media/uploads/5021844796b446b5b6932ad33ad7d115.png HTTP/1.1" 200 14314783
[14/May/2026 18:03:01] "OPTIONS /api/uploaded-predictions/ HTTP/1.1" 204 0
[14/May/2026 18:03:08] "POST /api/uploaded-predictions/ HTTP/1.1" 200 629291
[14/May/2026 18:03:08] "OPTIONS /api/uploaded-predictions/ HTTP/1.1" 204 0
[14/May/2026 18:03:09] "POST /api/uploaded-predictions/ HTTP/1.1" 200 264869
[14/May/2026 18:56:31] "GET /api/models/ HTTP/1.1" 200 7022
[14/May/2026 18:56:31] "GET /api/annotations/ HTTP/1.1" 200 25269
[14/May/2026 18:56:31] "GET /api/models/ HTTP/1.1" 200 7022
[14/May/2026 18:56:31] "GET /api/annotations/ HTTP/1.1" 200 25269
[14/May/2026 18:56:31] "GET /api/predictions/?task=car_parts&image_id=1 HTTP/1.1" 200 38651
[14/May/2026 18:56:31] "GET /api/predictions/?task=damage&image_id=1 HTTP/1.1" 200 15862
[14/May/2026 18:56:31] "GET /api/predictions/?task=car_parts&image_id=2 HTTP/1.1" 200 35319
[14/May/2026 18:56:32] "GET /api/predictions/?task=damage&image_id=2 HTTP/1.1" 200 15933
[14/May/2026 18:56:32] "GET /api/predictions/?task=car_parts&image_id=3 HTTP/1.1" 200 29381
[14/May/2026 18:56:32] "GET /api/predictions/?task=damage&image_id=3 HTTP/1.1" 200 13365
[14/May/2026 18:56:32] "GET /api/predictions/?task=car_parts&image_id=4 HTTP/1.1" 200 50377
[14/May/2026 18:56:32] "GET /api/predictions/?task=damage&image_id=4 HTTP/1.1" 200 16674
[14/May/2026 18:56:32] "GET /api/predictions/?task=car_parts&image_id=5 HTTP/1.1" 200 21990
[14/May/2026 18:56:32] "GET /api/predictions/?task=damage&image_id=5 HTTP/1.1" 200 12842
[14/May/2026 18:56:32] "GET /api/predictions/?task=car_parts&image_id=1 HTTP/1.1" 200 38651
[14/May/2026 18:56:32] "GET /api/predictions/?task=car_parts&image_id=2 HTTP/1.1" 200 35319
[14/May/2026 18:56:32] "GET /api/predictions/?task=damage&image_id=1 HTTP/1.1" 200 15862
[14/May/2026 18:56:32] "GET /api/predictions/?task=car_parts&image_id=3 HTTP/1.1" 200 29381
[14/May/2026 18:56:32] "GET /api/predictions/?task=damage&image_id=2 HTTP/1.1" 200 15933
[14/May/2026 18:56:32] "GET /api/predictions/?task=damage&image_id=3 HTTP/1.1" 200 13365
[14/May/2026 18:56:32] "GET /api/predictions/?task=car_parts&image_id=4 HTTP/1.1" 200 50377
[14/May/2026 18:56:32] "GET /api/predictions/?task=damage&image_id=4 HTTP/1.1" 200 16674
[14/May/2026 18:56:32] "GET /api/predictions/?task=car_parts&image_id=5 HTTP/1.1" 200 21990
[14/May/2026 18:56:32] "GET /api/predictions/?task=damage&image_id=5 HTTP/1.1" 200 12842
[14/May/2026 18:56:42] "GET /api/annotations/ HTTP/1.1" 200 25269
[14/May/2026 18:56:42] "GET /api/models/ HTTP/1.1" 200 7022
[14/May/2026 18:56:42] "GET /api/annotations/ HTTP/1.1" 200 25269
[14/May/2026 18:56:42] "GET /api/models/ HTTP/1.1" 200 7022
[14/May/2026 18:56:42] "GET /api/predictions/?task=car_parts&image_id=1 HTTP/1.1" 200 38651
[14/May/2026 18:56:42] "GET /api/predictions/?task=damage&image_id=1 HTTP/1.1" 200 15862
[14/May/2026 18:56:42] "GET /api/predictions/?task=car_parts&image_id=2 HTTP/1.1" 200 35319
[14/May/2026 18:56:42] "GET /api/predictions/?task=damage&image_id=2 HTTP/1.1" 200 15933
[14/May/2026 18:56:42] "GET /api/predictions/?task=car_parts&image_id=3 HTTP/1.1" 200 29381
[14/May/2026 18:56:42] "GET /api/predictions/?task=car_parts&image_id=4 HTTP/1.1" 200 50377
[14/May/2026 18:56:42] "GET /api/predictions/?task=damage&image_id=3 HTTP/1.1" 200 13365
[14/May/2026 18:56:42] "GET /api/predictions/?task=damage&image_id=4 HTTP/1.1" 200 16674
[14/May/2026 18:56:42] "GET /api/predictions/?task=car_parts&image_id=5 HTTP/1.1" 200 21990
[14/May/2026 18:56:42] "GET /api/predictions/?task=damage&image_id=5 HTTP/1.1" 200 12842
[14/May/2026 18:56:42] "GET /api/predictions/?task=car_parts&image_id=1 HTTP/1.1" 200 38651
[14/May/2026 18:56:42] "GET /api/predictions/?task=damage&image_id=1 HTTP/1.1" 200 15862
[14/May/2026 18:56:42] "GET /api/predictions/?task=car_parts&image_id=2 HTTP/1.1" 200 35319
[14/May/2026 18:56:42] "GET /api/predictions/?task=damage&image_id=2 HTTP/1.1" 200 15933
[14/May/2026 18:56:42] "GET /api/predictions/?task=car_parts&image_id=3 HTTP/1.1" 200 29381
[14/May/2026 18:56:42] "GET /api/predictions/?task=car_parts&image_id=4 HTTP/1.1" 200 50377
[14/May/2026 18:56:42] "GET /api/predictions/?task=damage&image_id=3 HTTP/1.1" 200 13365
[14/May/2026 18:56:42] "GET /api/predictions/?task=damage&image_id=4 HTTP/1.1" 200 16674
[14/May/2026 18:56:42] "GET /api/predictions/?task=car_parts&image_id=5 HTTP/1.1" 200 21990
[14/May/2026 18:56:42] "GET /api/predictions/?task=damage&image_id=5 HTTP/1.1" 200 12842
[15/May/2026 12:02:57] "GET /api/annotations/ HTTP/1.1" 200 25269
[15/May/2026 12:02:57] "GET /api/models/ HTTP/1.1" 200 7022
[15/May/2026 12:02:57] "GET /api/annotations/ HTTP/1.1" 200 25269
[15/May/2026 12:02:57] "GET /api/models/ HTTP/1.1" 200 7022
[15/May/2026 12:02:58] "GET /api/predictions/?task=damage&image_id=1 HTTP/1.1" 200 15862
[15/May/2026 12:02:58] "GET /api/predictions/?task=damage&image_id=3 HTTP/1.1" 200 13365
[15/May/2026 12:02:58] "GET /api/predictions/?task=car_parts&image_id=1 HTTP/1.1" 200 38651
[15/May/2026 12:02:58] "GET /api/predictions/?task=damage&image_id=4 HTTP/1.1" 200 16674
[15/May/2026 12:02:58] "GET /api/predictions/?task=car_parts&image_id=5 HTTP/1.1" 200 21990
[15/May/2026 12:02:58] "GET /api/predictions/?task=car_parts&image_id=2 HTTP/1.1" 200 35319
[15/May/2026 12:02:58] "GET /api/predictions/?task=car_parts&image_id=3 HTTP/1.1" 200 29381
[15/May/2026 12:02:58] "GET /api/predictions/?task=damage&image_id=2 HTTP/1.1" 200 15933
[15/May/2026 12:02:58] "GET /api/predictions/?task=car_parts&image_id=4 HTTP/1.1" 200 50377
[15/May/2026 12:02:58] "GET /api/predictions/?task=damage&image_id=5 HTTP/1.1" 200 12842
[15/May/2026 12:02:59] "GET /api/predictions/?task=damage&image_id=3 HTTP/1.1" 200 13365
[15/May/2026 12:02:59] "GET /api/predictions/?task=damage&image_id=1 HTTP/1.1" 200 15862
[15/May/2026 12:02:59] "GET /api/predictions/?task=car_parts&image_id=1 HTTP/1.1" 200 38651
[15/May/2026 12:02:59] "GET /api/predictions/?task=damage&image_id=4 HTTP/1.1" 200 16674
[15/May/2026 12:02:59] "GET /api/predictions/?task=car_parts&image_id=5 HTTP/1.1" 200 21990
[15/May/2026 12:02:59] "GET /api/predictions/?task=car_parts&image_id=2 HTTP/1.1" 200 35319
[15/May/2026 12:02:59] "GET /api/predictions/?task=car_parts&image_id=3 HTTP/1.1" 200 29381
[15/May/2026 12:02:59] "GET /api/predictions/?task=damage&image_id=2 HTTP/1.1" 200 15933
[15/May/2026 12:02:59] "GET /api/predictions/?task=car_parts&image_id=4 HTTP/1.1" 200 50377
[15/May/2026 12:02:59] "GET /api/predictions/?task=damage&image_id=5 HTTP/1.1" 200 12842
[15/May/2026 12:03:00] "GET /media/samples/images/sample-1-Car-damages-968.jpg HTTP/1.1" 304 0
[15/May/2026 14:19:50] "GET /api/predictions/?task=car_parts&image_id=1 HTTP/1.1" 200 38651
[15/May/2026 14:19:50] "GET /api/predictions/?task=car_parts&image_id=3 HTTP/1.1" 200 29381
[15/May/2026 14:19:50] "GET /api/predictions/?task=damage&image_id=3 HTTP/1.1" 200 13365
[15/May/2026 14:19:50] "GET /api/predictions/?task=damage&image_id=1 HTTP/1.1" 200 15862
[15/May/2026 14:19:50] "GET /api/predictions/?task=car_parts&image_id=2 HTTP/1.1" 200 35319
[15/May/2026 14:19:50] "GET /api/predictions/?task=damage&image_id=2 HTTP/1.1" 200 15933
[15/May/2026 14:19:50] "GET /api/predictions/?task=car_parts&image_id=4 HTTP/1.1" 200 50377
[15/May/2026 14:19:50] "GET /api/predictions/?task=damage&image_id=4 HTTP/1.1" 200 16674
[15/May/2026 14:19:50] "GET /api/predictions/?task=car_parts&image_id=5 HTTP/1.1" 200 21990
[15/May/2026 14:19:50] "GET /api/predictions/?task=damage&image_id=5 HTTP/1.1" 200 12842
[15/May/2026 14:19:50] "GET /api/predictions/?task=car_parts&image_id=3 HTTP/1.1" 200 29381
[15/May/2026 14:19:50] "GET /api/predictions/?task=car_parts&image_id=1 HTTP/1.1" 200 38651
[15/May/2026 14:19:50] "GET /api/predictions/?task=damage&image_id=3 HTTP/1.1" 200 13365
[15/May/2026 14:19:50] "GET /api/predictions/?task=damage&image_id=1 HTTP/1.1" 200 15862
[15/May/2026 14:19:50] "GET /api/predictions/?task=car_parts&image_id=2 HTTP/1.1" 200 35319
[15/May/2026 14:19:50] "GET /api/predictions/?task=damage&image_id=2 HTTP/1.1" 200 15933
[15/May/2026 14:19:50] "GET /api/predictions/?task=car_parts&image_id=4 HTTP/1.1" 200 50377
[15/May/2026 14:19:50] "GET /api/predictions/?task=car_parts&image_id=5 HTTP/1.1" 200 21990
[15/May/2026 14:19:50] "GET /api/predictions/?task=damage&image_id=4 HTTP/1.1" 200 16674
[15/May/2026 14:19:50] "GET /media/samples/images/sample-1-Car-damages-968.jpg HTTP/1.1" 304 0
[15/May/2026 14:19:50] "GET /api/predictions/?task=damage&image_id=5 HTTP/1.1" 200 12842
